0 info it worked if it ends with ok
1 verbose cli [ '/usr/local/bin/node',
1 verbose cli   '/usr/local/bin/npm',
1 verbose cli   'install',
1 verbose cli   'https://github.com/petermetz/cordova-plugin-ibeacon#3.3.0',
1 verbose cli   '--production',
1 verbose cli   '--save' ]
2 info using npm@3.10.10
3 info using node@v6.11.5
4 silly loadCurrentTree Starting
5 silly install loadCurrentTree
6 silly install readLocalPackageData
7 silly fetchPackageMetaData https://github.com/petermetz/cordova-plugin-ibeacon#3.3.0
8 silly fetchOtherPackageData https://github.com/petermetz/cordova-plugin-ibeacon#3.3.0
9 silly cache add args [ 'https://github.com/petermetz/cordova-plugin-ibeacon#3.3.0',
9 silly cache add   null ]
10 verbose cache add spec https://github.com/petermetz/cordova-plugin-ibeacon#3.3.0
11 silly cache add parsed spec Result {
11 silly cache add   raw: 'https://github.com/petermetz/cordova-plugin-ibeacon#3.3.0',
11 silly cache add   scope: null,
11 silly cache add   escapedName: null,
11 silly cache add   name: null,
11 silly cache add   rawSpec: 'https://github.com/petermetz/cordova-plugin-ibeacon#3.3.0',
11 silly cache add   spec: 'git+https://github.com/petermetz/cordova-plugin-ibeacon.git#3.3.0',
11 silly cache add   type: 'hosted',
11 silly cache add   hosted:
11 silly cache add    { type: 'github',
11 silly cache add      ssh: 'git@github.com:petermetz/cordova-plugin-ibeacon.git#3.3.0',
11 silly cache add      sshUrl: 'git+ssh://git@github.com/petermetz/cordova-plugin-ibeacon.git#3.3.0',
11 silly cache add      httpsUrl: 'git+https://github.com/petermetz/cordova-plugin-ibeacon.git#3.3.0',
11 silly cache add      gitUrl: 'git://github.com/petermetz/cordova-plugin-ibeacon.git#3.3.0',
11 silly cache add      shortcut: 'github:petermetz/cordova-plugin-ibeacon#3.3.0',
11 silly cache add      directUrl: 'https://raw.githubusercontent.com/petermetz/cordova-plugin-ibeacon/3.3.0/package.json' } }
12 verbose addRemoteGit caching https://github.com/petermetz/cordova-plugin-ibeacon#3.3.0
13 verbose addRemoteGit git+https://github.com/petermetz/cordova-plugin-ibeacon.git#3.3.0 is a repository hosted by github
14 silly tryClone cloning git+https://github.com/petermetz/cordova-plugin-ibeacon.git#3.3.0 via git+https://github.com/petermetz/cordova-plugin-ibeacon.git#3.3.0
15 verbose tryClone git-https-github-com-petermetz-cordova-plugin-ibeacon-git-3-3-0-79e5d478 not in flight; caching
16 verbose correctMkdir /Users/mw-wood/.npm/_git-remotes correctMkdir not in flight; initializing
17 info git [ 'config', '--get', 'remote.origin.url' ]
18 silly validateExistingRemote git+https://github.com/petermetz/cordova-plugin-ibeacon.git#3.3.0 remote.origin.url: https://github.com/petermetz/cordova-plugin-ibeacon.git
19 verbose validateExistingRemote git+https://github.com/petermetz/cordova-plugin-ibeacon.git#3.3.0 is updating existing cached remote /Users/mw-wood/.npm/_git-remotes/git-https-github-com-petermetz-cordova-plugin-ibeacon-git-3-3-0-79e5d478
20 info git [ 'fetch', '-a', 'origin' ]
21 verbose updateRemote git fetch -a origin (https://github.com/petermetz/cordova-plugin-ibeacon.git)
22 verbose correctMkdir /Users/mw-wood/.npm/_git-remotes correctMkdir not in flight; initializing
23 verbose setPermissions git+https://github.com/petermetz/cordova-plugin-ibeacon.git#3.3.0 set permissions on /Users/mw-wood/.npm/_git-remotes/git-https-github-com-petermetz-cordova-plugin-ibeacon-git-3-3-0-79e5d478
24 verbose resolveHead git+https://github.com/petermetz/cordova-plugin-ibeacon.git#3.3.0 original treeish: 3.3.0
25 info git [ 'rev-list', '-n1', '3.3.0' ]
26 silly resolveHead git+https://github.com/petermetz/cordova-plugin-ibeacon.git#3.3.0 resolved treeish: 98d246f966a654cdba06a2bf63976272ebbd9df4
27 verbose resolveHead git+https://github.com/petermetz/cordova-plugin-ibeacon.git#3.3.0 resolved Git URL: git+https://github.com/petermetz/cordova-plugin-ibeacon.git#98d246f966a654cdba06a2bf63976272ebbd9df4
28 silly resolveHead Git working directory: /tmp/npm-27213-5842a26d/git-cache-d288a4da/98d246f966a654cdba06a2bf63976272ebbd9df4
29 info git [ 'clone',
29 info git   '/Users/mw-wood/.npm/_git-remotes/git-https-github-com-petermetz-cordova-plugin-ibeacon-git-3-3-0-79e5d478',
29 info git   '/tmp/npm-27213-5842a26d/git-cache-d288a4da/98d246f966a654cdba06a2bf63976272ebbd9df4' ]
30 verbose cloneResolved git+https://github.com/petermetz/cordova-plugin-ibeacon.git#3.3.0 clone Cloning into '/tmp/npm-27213-5842a26d/git-cache-d288a4da/98d246f966a654cdba06a2bf63976272ebbd9df4'...
30 verbose cloneResolved done.
31 info git [ 'checkout', '98d246f966a654cdba06a2bf63976272ebbd9df4' ]
32 verbose checkoutTreeish git+https://github.com/petermetz/cordova-plugin-ibeacon.git#3.3.0 checkout Note: checking out '98d246f966a654cdba06a2bf63976272ebbd9df4'.
32 verbose checkoutTreeish
32 verbose checkoutTreeish You are in 'detached HEAD' state. You can look around, make experimental
32 verbose checkoutTreeish changes and commit them, and you can discard any commits you make in this
32 verbose checkoutTreeish state without impacting any branches by performing another checkout.
32 verbose checkoutTreeish
32 verbose checkoutTreeish If you want to create a new branch to retain commits you create, you may
32 verbose checkoutTreeish do so (now or later) by using -b with the checkout command again. Example:
32 verbose checkoutTreeish
32 verbose checkoutTreeish   git checkout -b <new-branch-name>
32 verbose checkoutTreeish
32 verbose checkoutTreeish HEAD is now at 98d246f... Merge commit '15122c9d56b27af7d6231898e6625b96cb8df41c' Fixed null ids problem with AltBeacon Tweaked Bluetooth adapter access to it's only checked when version supported
33 info git [ 'submodule', '-q', 'update', '--init', '--recursive' ]
34 verbose updateSubmodules git+https://github.com/petermetz/cordova-plugin-ibeacon.git#3.3.0 submodule update
35 error addLocal Could not install /tmp/npm-27213-5842a26d/git-cache-d288a4da/98d246f966a654cdba06a2bf63976272ebbd9df4
36 silly fetchPackageMetaData Error: EISDIR: illegal operation on a directory, read
36 silly fetchPackageMetaData     at Error (native)
36 silly fetchPackageMetaData  error for https://github.com/petermetz/cordova-plugin-ibeacon#3.3.0 { Error: EISDIR: illegal operation on a directory, read
36 silly fetchPackageMetaData     at Error (native) errno: -21, code: 'EISDIR', syscall: 'read' }
37 silly rollbackFailedOptional Starting
38 silly rollbackFailedOptional Finishing
39 silly runTopLevelLifecycles Finishing
40 silly install printInstalled
41 verbose stack Error: EISDIR: illegal operation on a directory, read
41 verbose stack     at Error (native)
42 verbose cwd /Users/mw-wood/Documents/git/iBeaconPG001/EvoBeaconTest001
43 error Darwin 15.6.0
44 error argv "/usr/local/bin/node" "/usr/local/bin/npm" "install" "https://github.com/petermetz/cordova-plugin-ibeacon#3.3.0" "--production" "--save"
45 error node v6.11.5
46 error npm  v3.10.10
47 error code EISDIR
48 error errno -21
49 error syscall read
50 error eisdir EISDIR: illegal operation on a directory, read
51 error eisdir This is most likely not a problem with npm itself
51 error eisdir and is related to npm not being able to find a package.json in
51 error eisdir a package you are trying to install.
52 verbose exit [ -21, true ]
